<?xml version="1.0" encoding="UTF-8"?>
<!-- Generated by org.testng.reporters.JUnitReportReporter -->
<testsuite hostname="DESKTOP-5QDVLEU" failures="0" tests="1" name="testPackage.TestClass" time="0.005" errors="0" timestamp="2022-09-05T13:38:20 IST" skipped="0">
  <testcase classname="testPackage.TestClass" name="test" time="0.005"/>
  <system-out/>
</testsuite> <!-- testPackage.TestClass -->
